<?xml version="1.0" encoding="utf-8"?><testsuites name="pytest tests"><testsuite name="pytest" errors="0" failures="1" skipped="0" tests="15" time="5.714" timestamp="2026-07-07T13:05:41.433218+00:00" hostname="agent-env-a34ed0c2-6e9d-4e73-aab1-c3404aa52075"><testcase classname="test_contractor_api" name="test_login_existing_seed" time="0.454" /><testcase classname="test_contractor_api" name="test_auth_me" time="0.335"><failure message="AssertionError: assert 'test_a_47642773@example.com' == 'test_A_47642773@example.com'&#10;  &#10;  - test_A_47642773@example.com&#10;  ?      ^&#10;  + test_a_47642773@example.com&#10;  ?      ^">test_contractor_api.py:13: in test_auth_me
    assert r.json()["user"]["email"] == owner_a["email"]
E   AssertionError: assert 'test_a_47642773@example.com' == 'test_A_47642773@example.com'
E     
E     - test_A_47642773@example.com
E     ?      ^
E     + test_a_47642773@example.com
E     ?      ^</failure></testcase><testcase classname="test_contractor_api" name="test_password_reset_flow" time="0.946" /><testcase classname="test_contractor_api" name="test_calculate_quote_formula" time="0.121" /><testcase classname="test_contractor_api" name="test_calculate_quote_with_contingency" time="0.053" /><testcase classname="test_contractor_api" name="test_quote_create_with_contingency_and_status_any_direction" time="0.779" /><testcase classname="test_contractor_api" name="test_pricing_rates_seeded" time="0.061" /><testcase classname="test_contractor_api" name="test_pricing_rates_filter" time="0.052" /><testcase classname="test_contractor_api" name="test_multitenant_isolation" time="0.430" /><testcase classname="test_contractor_api" name="test_employee_cannot_create_job" time="0.607" /><testcase classname="test_contractor_api" name="test_viewer_cannot_create_customer" time="0.657" /><testcase classname="test_contractor_api" name="test_lead_pipeline_and_convert" time="0.337" /><testcase classname="test_contractor_api" name="test_quote_lifecycle" time="0.494" /><testcase classname="test_contractor_api" name="test_job_operations" time="0.266" /><testcase classname="test_contractor_api" name="test_dashboard_stats" time="0.056" /></testsuite></testsuites>