<?xml version="1.0" encoding="utf-8"?><testsuites name="pytest tests"><testsuite name="pytest" errors="0" failures="1" skipped="0" tests="16" time="5.444" timestamp="2026-07-07T13:11:08.109512+00:00" hostname="agent-env-a34ed0c2-6e9d-4e73-aab1-c3404aa52075"><testcase classname="tests.test_contractor_api" name="test_login_existing_seed" time="0.451" /><testcase classname="tests.test_contractor_api" name="test_auth_me" time="0.319"><failure message="AssertionError: assert 'test_a_9759be3f@example.com' == 'test_A_9759be3f@example.com'&#10;  &#10;  - test_A_9759be3f@example.com&#10;  ?      ^&#10;  + test_a_9759be3f@example.com&#10;  ?      ^">tests/test_contractor_api.py:13: in test_auth_me
    assert r.json()["user"]["email"] == owner_a["email"]
E   AssertionError: assert 'test_a_9759be3f@example.com' == 'test_A_9759be3f@example.com'
E     
E     - test_A_9759be3f@example.com
E     ?      ^
E     + test_a_9759be3f@example.com
E     ?      ^</failure></testcase><testcase classname="tests.test_contractor_api" name="test_password_reset_flow" time="0.883" /><testcase classname="tests.test_contractor_api" name="test_calculate_quote_formula" time="0.042" /><testcase classname="tests.test_contractor_api" name="test_calculate_quote_with_contingency" time="0.044" /><testcase classname="tests.test_contractor_api" name="test_quote_edit_adjusts_margins_and_bumps_version" time="0.321" /><testcase classname="tests.test_contractor_api" name="test_quote_create_with_contingency_and_status_any_direction" time="0.664" /><testcase classname="tests.test_contractor_api" name="test_pricing_rates_seeded" time="0.052" /><testcase classname="tests.test_contractor_api" name="test_pricing_rates_filter" time="0.055" /><testcase classname="tests.test_contractor_api" name="test_multitenant_isolation" time="0.398" /><testcase classname="tests.test_contractor_api" name="test_employee_cannot_create_job" time="0.577" /><testcase classname="tests.test_contractor_api" name="test_viewer_cannot_create_customer" time="0.619" /><testcase classname="tests.test_contractor_api" name="test_lead_pipeline_and_convert" time="0.299" /><testcase classname="tests.test_contractor_api" name="test_quote_lifecycle" time="0.356" /><testcase classname="tests.test_contractor_api" name="test_job_operations" time="0.228" /><testcase classname="tests.test_contractor_api" name="test_dashboard_stats" time="0.064" /></testsuite></testsuites>